<?xml version="1.0" encoding="UTF-8"?>
<testsuite name="ActionClass" tests="1" skipped="0" failures="0" errors="0" timestamp="2020-06-05T23:24:14" hostname="LAPTOP-PER5DOON" time="19.001">
  <properties/>
  <testcase name="mouseHover" classname="ActionClass" time="19.001"/>
  <system-out><![CDATA[]]></system-out>
  <system-err><![CDATA[Starting ChromeDriver 83.0.4103.39 (ccbf011cb2d2b19b506d844400483861342c20cd-refs/branch-heads/4103@{#416}) on port 7698
Only local connections are allowed.
Please see https://chromedriver.chromium.org/security-considerations for suggestions on keeping ChromeDriver safe.
ChromeDriver was started successfully.
Jun 06, 2020 12:24:16 AM org.openqa.selenium.remote.ProtocolHandshake createSession
INFO: Detected dialect: W3C
]]></system-err>
</testsuite>
